2023-03-03 12:28:55 25800 [Note] Plugin 'FEDERATED' is disabled.
2023-03-03 12:28:55 25800 [Note] InnoDB: The InnoDB memory heap is disabled
2023-03-03 12:28:55 25800 [Note] InnoDB: Mutexes and rw_locks use Windows interlocked functions
2023-03-03 12:28:55 25800 [Note] InnoDB: Compressed tables use zlib 1.2.3
2023-03-03 12:28:55 25800 [Note] InnoDB: Not using CPU crc32 instructions
2023-03-03 12:28:55 25800 [Note] InnoDB: Initializing buffer pool, size = 128.0M
2023-03-03 12:28:55 25800 [Note] InnoDB: Completed initialization of buffer pool
2023-03-03 12:28:55 25800 [Note] InnoDB: Setting log file C:\server\mysql\data\ib_logfile101 size to 5 MB
2023-03-03 12:28:55 25800 [Note] InnoDB: Setting log file C:\server\mysql\data\ib_logfile1 size to 5 MB
2023-03-03 12:28:55 25800 [Note] InnoDB: Renaming log file C:\server\mysql\data\ib_logfile101 to C:\server\mysql\data\ib_logfile0
2023-03-03 12:28:55 25800 [Warning] InnoDB: New log files created, LSN=1626134
2023-03-03 12:28:55 25800 [Note] InnoDB: Highest supported file format is Barracuda.
2023-03-03 12:28:55 25800 [Note] InnoDB: 128 rollback segment(s) are active.
2023-03-03 12:28:55 25800 [Note] InnoDB: Waiting for purge to start
2023-03-03 12:28:55 25800 [Note] InnoDB: 5.6.13 started; log sequence number 1626636
2023-03-03 12:28:55 25800 [Warning] No existing UUID has been found, so we assume that this is the first time that this server has been started. Generating a new UUID: 8736d7ee-b973-11ed-b17c-f8633f0bd4b5.
2023-03-03 12:28:55 25800 [Note] Server hostname (bind-address): '*'; port: 3307
2023-03-03 12:28:55 25800 [Note] IPv6 is available.
2023-03-03 12:28:55 25800 [Note]   - '::' resolves to '::';
2023-03-03 12:28:55 25800 [Note] Server socket created on IP: '::'.
2023-03-08 08:18:25 9784 [Note] Plugin 'FEDERATED' is disabled.
2023-03-08 08:18:25 9784 [Note] InnoDB: The InnoDB memory heap is disabled
2023-03-08 08:18:25 9784 [Note] InnoDB: Mutexes and rw_locks use Windows interlocked functions
2023-03-08 08:18:25 9784 [Note] InnoDB: Compressed tables use zlib 1.2.3
2023-03-08 08:18:25 9784 [Note] InnoDB: Not using CPU crc32 instructions
2023-03-08 08:18:25 9784 [Note] InnoDB: Initializing buffer pool, size = 128.0M
2023-03-08 08:18:25 9784 [Note] InnoDB: Completed initialization of buffer pool
2023-03-08 08:18:25 9784 [Note] InnoDB: Highest supported file format is Barracuda.
2023-03-08 08:18:25 9784 [Note] InnoDB: The log sequence numbers 1626134 and 1626134 in ibdata files do not match the log sequence number 1626646 in the ib_logfiles!
2023-03-08 08:18:25 9784 [Note] InnoDB: Database was not shutdown normally!
2023-03-08 08:18:25 9784 [Note] InnoDB: Starting crash recovery.
2023-03-08 08:18:25 9784 [Note] InnoDB: Reading tablespace information from the .ibd files...
2023-03-08 08:18:25 9784 [Note] InnoDB: Restoring possible half-written data pages 
2023-03-08 08:18:25 9784 [Note] InnoDB: from the doublewrite buffer...
2023-03-08 08:18:25 9784 [Note] InnoDB: 128 rollback segment(s) are active.
2023-03-08 08:18:25 9784 [Note] InnoDB: Waiting for purge to start
2023-03-08 08:18:25 9784 [Note] InnoDB: 5.6.13 started; log sequence number 1626646
2023-03-08 08:18:25 9784 [Note] Server hostname (bind-address): '*'; port: 3307
2023-03-08 08:18:25 9784 [Note] IPv6 is available.
2023-03-08 08:18:25 9784 [Note]   - '::' resolves to '::';
2023-03-08 08:18:25 9784 [Note] Server socket created on IP: '::'.
2023-03-10 19:54:14 18512 [Note] Plugin 'FEDERATED' is disabled.
2023-03-10 19:54:15 18512 [Note] InnoDB: The InnoDB memory heap is disabled
2023-03-10 19:54:15 18512 [Note] InnoDB: Mutexes and rw_locks use Windows interlocked functions
2023-03-10 19:54:15 18512 [Note] InnoDB: Compressed tables use zlib 1.2.3
2023-03-10 19:54:15 18512 [Note] InnoDB: Not using CPU crc32 instructions
2023-03-10 19:54:15 18512 [Note] InnoDB: Initializing buffer pool, size = 128.0M
2023-03-10 19:54:15 18512 [Note] InnoDB: Completed initialization of buffer pool
2023-03-10 19:54:15 18512 [Note] InnoDB: Highest supported file format is Barracuda.
2023-03-10 19:54:15 18512 [Note] InnoDB: The log sequence numbers 1626134 and 1626134 in ibdata files do not match the log sequence number 1626656 in the ib_logfiles!
2023-03-10 19:54:15 18512 [Note] InnoDB: Database was not shutdown normally!
2023-03-10 19:54:15 18512 [Note] InnoDB: Starting crash recovery.
2023-03-10 19:54:15 18512 [Note] InnoDB: Reading tablespace information from the .ibd files...
2023-03-10 19:54:15 18512 [Note] InnoDB: Restoring possible half-written data pages 
2023-03-10 19:54:15 18512 [Note] InnoDB: from the doublewrite buffer...
2023-03-10 19:54:15 18512 [Note] InnoDB: 128 rollback segment(s) are active.
2023-03-10 19:54:15 18512 [Note] InnoDB: Waiting for purge to start
2023-03-10 19:54:15 18512 [Note] InnoDB: 5.6.13 started; log sequence number 1626656
2023-03-10 19:54:15 18512 [Note] Server hostname (bind-address): '*'; port: 3307
2023-03-10 19:54:15 18512 [Note] IPv6 is available.
2023-03-10 19:54:15 18512 [Note]   - '::' resolves to '::';
2023-03-10 19:54:15 18512 [Note] Server socket created on IP: '::'.
2023-03-10 19:54:17 18512 [Note] Event Scheduler: Loaded 0 events
2023-03-10 19:54:17 18512 [Note] C:\server/mysql/bin/mysqld_usbwv8.exe: ready for connections.
Version: '5.6.13'  socket: ''  port: 3307  MySQL Community Server (GPL)
2023-03-10 19:59:50 5364 [Note] Plugin 'FEDERATED' is disabled.
2023-03-10 19:59:50 5364 [Note] InnoDB: The InnoDB memory heap is disabled
2023-03-10 19:59:50 5364 [Note] InnoDB: Mutexes and rw_locks use Windows interlocked functions
2023-03-10 19:59:50 5364 [Note] InnoDB: Compressed tables use zlib 1.2.3
2023-03-10 19:59:50 5364 [Note] InnoDB: Not using CPU crc32 instructions
2023-03-10 19:59:50 5364 [Note] InnoDB: Initializing buffer pool, size = 128.0M
2023-03-10 19:59:50 5364 [Note] InnoDB: Completed initialization of buffer pool
2023-03-10 19:59:50 5364 [Note] InnoDB: Highest supported file format is Barracuda.
2023-03-10 19:59:50 5364 [Note] InnoDB: The log sequence numbers 1626134 and 1626134 in ibdata files do not match the log sequence number 1626666 in the ib_logfiles!
2023-03-10 19:59:50 5364 [Note] InnoDB: Database was not shutdown normally!
2023-03-10 19:59:50 5364 [Note] InnoDB: Starting crash recovery.
2023-03-10 19:59:50 5364 [Note] InnoDB: Reading tablespace information from the .ibd files...
2023-03-10 19:59:50 5364 [Note] InnoDB: Restoring possible half-written data pages 
2023-03-10 19:59:50 5364 [Note] InnoDB: from the doublewrite buffer...
2023-03-10 19:59:50 5364 [Note] InnoDB: 128 rollback segment(s) are active.
2023-03-10 19:59:50 5364 [Note] InnoDB: Waiting for purge to start
2023-03-10 19:59:50 5364 [Note] InnoDB: 5.6.13 started; log sequence number 1626666
2023-03-10 19:59:50 5364 [Note] Server hostname (bind-address): '*'; port: 3307
2023-03-10 19:59:50 5364 [Note] IPv6 is available.
2023-03-10 19:59:50 5364 [Note]   - '::' resolves to '::';
2023-03-10 19:59:50 5364 [Note] Server socket created on IP: '::'.
2023-03-15 08:58:07 1332 [Note] Plugin 'FEDERATED' is disabled.
2023-03-15 08:58:07 1332 [Note] InnoDB: The InnoDB memory heap is disabled
2023-03-15 08:58:07 1332 [Note] InnoDB: Mutexes and rw_locks use Windows interlocked functions
2023-03-15 08:58:07 1332 [Note] InnoDB: Compressed tables use zlib 1.2.3
2023-03-15 08:58:07 1332 [Note] InnoDB: Not using CPU crc32 instructions
2023-03-15 08:58:07 1332 [Note] InnoDB: Initializing buffer pool, size = 128.0M
2023-03-15 08:58:07 1332 [Note] InnoDB: Completed initialization of buffer pool
2023-03-15 08:58:07 1332 [Note] InnoDB: Highest supported file format is Barracuda.
2023-03-15 08:58:07 1332 [Note] InnoDB: The log sequence numbers 1626134 and 1626134 in ibdata files do not match the log sequence number 1626676 in the ib_logfiles!
2023-03-15 08:58:07 1332 [Note] InnoDB: Database was not shutdown normally!
2023-03-15 08:58:07 1332 [Note] InnoDB: Starting crash recovery.
2023-03-15 08:58:07 1332 [Note] InnoDB: Reading tablespace information from the .ibd files...
2023-03-15 08:58:07 1332 [Note] InnoDB: Restoring possible half-written data pages 
2023-03-15 08:58:07 1332 [Note] InnoDB: from the doublewrite buffer...
2023-03-15 08:58:08 1332 [Note] InnoDB: 128 rollback segment(s) are active.
2023-03-15 08:58:08 1332 [Note] InnoDB: Waiting for purge to start
2023-03-15 08:58:08 1332 [Note] InnoDB: 5.6.13 started; log sequence number 1626676
2023-03-15 08:58:08 1332 [Note] Server hostname (bind-address): '*'; port: 3307
2023-03-15 08:58:08 1332 [Note] IPv6 is available.
2023-03-15 08:58:08 1332 [Note]   - '::' resolves to '::';
2023-03-15 08:58:08 1332 [Note] Server socket created on IP: '::'.
2023-03-18 10:47:35 3736 [Note] Plugin 'FEDERATED' is disabled.
2023-03-18 10:47:35 3736 [Note] InnoDB: The InnoDB memory heap is disabled
2023-03-18 10:47:35 3736 [Note] InnoDB: Mutexes and rw_locks use Windows interlocked functions
2023-03-18 10:47:35 3736 [Note] InnoDB: Compressed tables use zlib 1.2.3
2023-03-18 10:47:35 3736 [Note] InnoDB: Not using CPU crc32 instructions
2023-03-18 10:47:35 3736 [Note] InnoDB: Initializing buffer pool, size = 128.0M
2023-03-18 10:47:35 3736 [Note] InnoDB: Completed initialization of buffer pool
2023-03-18 10:47:35 3736 [Note] InnoDB: Highest supported file format is Barracuda.
2023-03-18 10:47:35 3736 [Note] InnoDB: The log sequence numbers 1626134 and 1626134 in ibdata files do not match the log sequence number 1626686 in the ib_logfiles!
2023-03-18 10:47:35 3736 [Note] InnoDB: Database was not shutdown normally!
2023-03-18 10:47:35 3736 [Note] InnoDB: Starting crash recovery.
2023-03-18 10:47:35 3736 [Note] InnoDB: Reading tablespace information from the .ibd files...
2023-03-18 10:47:36 3736 [Note] InnoDB: Restoring possible half-written data pages 
2023-03-18 10:47:36 3736 [Note] InnoDB: from the doublewrite buffer...
2023-03-18 10:47:36 3736 [Note] InnoDB: 128 rollback segment(s) are active.
2023-03-18 10:47:36 3736 [Note] InnoDB: Waiting for purge to start
2023-03-18 10:47:36 3736 [Note] InnoDB: 5.6.13 started; log sequence number 1626686
2023-03-18 10:47:36 3736 [Note] Server hostname (bind-address): '*'; port: 3307
2023-03-18 10:47:36 3736 [Note] IPv6 is available.
2023-03-18 10:47:36 3736 [Note]   - '::' resolves to '::';
2023-03-18 10:47:36 3736 [Note] Server socket created on IP: '::'.
2023-03-28 07:32:22 10444 [Note] Plugin 'FEDERATED' is disabled.
2023-03-28 07:32:22 10444 [Note] InnoDB: The InnoDB memory heap is disabled
2023-03-28 07:32:22 10444 [Note] InnoDB: Mutexes and rw_locks use Windows interlocked functions
2023-03-28 07:32:22 10444 [Note] InnoDB: Compressed tables use zlib 1.2.3
2023-03-28 07:32:22 10444 [Note] InnoDB: Not using CPU crc32 instructions
2023-03-28 07:32:22 10444 [Note] InnoDB: Initializing buffer pool, size = 128.0M
2023-03-28 07:32:22 10444 [Note] InnoDB: Completed initialization of buffer pool
2023-03-28 07:32:22 10444 [Note] InnoDB: Highest supported file format is Barracuda.
2023-03-28 07:32:22 10444 [Note] InnoDB: The log sequence numbers 1626134 and 1626134 in ibdata files do not match the log sequence number 1626696 in the ib_logfiles!
2023-03-28 07:32:22 10444 [Note] InnoDB: Database was not shutdown normally!
2023-03-28 07:32:22 10444 [Note] InnoDB: Starting crash recovery.
2023-03-28 07:32:22 10444 [Note] InnoDB: Reading tablespace information from the .ibd files...
2023-03-28 07:32:22 10444 [Note] InnoDB: Restoring possible half-written data pages 
2023-03-28 07:32:22 10444 [Note] InnoDB: from the doublewrite buffer...
2023-03-28 07:32:22 10444 [Note] InnoDB: 128 rollback segment(s) are active.
2023-03-28 07:32:22 10444 [Note] InnoDB: Waiting for purge to start
2023-03-28 07:32:22 10444 [Note] InnoDB: 5.6.13 started; log sequence number 1626696
2023-03-28 07:32:22 10444 [Note] Server hostname (bind-address): '*'; port: 3307
2023-03-28 07:32:22 10444 [Note] IPv6 is available.
2023-03-28 07:32:22 10444 [Note]   - '::' resolves to '::';
2023-03-28 07:32:22 10444 [Note] Server socket created on IP: '::'.
2023-03-28 16:56:42 16760 [Note] Plugin 'FEDERATED' is disabled.
2023-03-28 16:56:42 16760 [Note] InnoDB: The InnoDB memory heap is disabled
2023-03-28 16:56:42 16760 [Note] InnoDB: Mutexes and rw_locks use Windows interlocked functions
2023-03-28 16:56:42 16760 [Note] InnoDB: Compressed tables use zlib 1.2.3
2023-03-28 16:56:42 16760 [Note] InnoDB: Not using CPU crc32 instructions
2023-03-28 16:56:42 16760 [Note] InnoDB: Initializing buffer pool, size = 128.0M
2023-03-28 16:56:42 16760 [Note] InnoDB: Completed initialization of buffer pool
2023-03-28 16:56:42 16760 [Note] InnoDB: Highest supported file format is Barracuda.
2023-03-28 16:56:42 16760 [Note] InnoDB: The log sequence numbers 1626134 and 1626134 in ibdata files do not match the log sequence number 1626706 in the ib_logfiles!
2023-03-28 16:56:42 16760 [Note] InnoDB: Database was not shutdown normally!
2023-03-28 16:56:42 16760 [Note] InnoDB: Starting crash recovery.
2023-03-28 16:56:42 16760 [Note] InnoDB: Reading tablespace information from the .ibd files...
2023-03-28 16:56:42 16760 [Note] InnoDB: Restoring possible half-written data pages 
2023-03-28 16:56:42 16760 [Note] InnoDB: from the doublewrite buffer...
2023-03-28 16:56:42 16760 [Note] InnoDB: 128 rollback segment(s) are active.
2023-03-28 16:56:42 16760 [Note] InnoDB: Waiting for purge to start
2023-03-28 16:56:42 16760 [Note] InnoDB: 5.6.13 started; log sequence number 1626706
2023-03-28 16:56:42 16760 [Note] Server hostname (bind-address): '*'; port: 3307
2023-03-28 16:56:42 16760 [Note] IPv6 is available.
2023-03-28 16:56:42 16760 [Note]   - '::' resolves to '::';
2023-03-28 16:56:42 16760 [Note] Server socket created on IP: '::'.
2023-03-29 09:27:05 22344 [Note] Plugin 'FEDERATED' is disabled.
2023-03-29 09:27:05 22344 [Note] InnoDB: The InnoDB memory heap is disabled
2023-03-29 09:27:05 22344 [Note] InnoDB: Mutexes and rw_locks use Windows interlocked functions
2023-03-29 09:27:05 22344 [Note] InnoDB: Compressed tables use zlib 1.2.3
2023-03-29 09:27:05 22344 [Note] InnoDB: Not using CPU crc32 instructions
2023-03-29 09:27:05 22344 [Note] InnoDB: Initializing buffer pool, size = 128.0M
2023-03-29 09:27:05 22344 [Note] InnoDB: Completed initialization of buffer pool
2023-03-29 09:27:05 22344 [Note] InnoDB: Highest supported file format is Barracuda.
2023-03-29 09:27:05 22344 [Note] InnoDB: The log sequence numbers 1626134 and 1626134 in ibdata files do not match the log sequence number 1626716 in the ib_logfiles!
2023-03-29 09:27:05 22344 [Note] InnoDB: Database was not shutdown normally!
2023-03-29 09:27:05 22344 [Note] InnoDB: Starting crash recovery.
2023-03-29 09:27:05 22344 [Note] InnoDB: Reading tablespace information from the .ibd files...
2023-03-29 09:27:05 22344 [Note] InnoDB: Restoring possible half-written data pages 
2023-03-29 09:27:05 22344 [Note] InnoDB: from the doublewrite buffer...
2023-03-29 09:27:05 22344 [Note] InnoDB: 128 rollback segment(s) are active.
2023-03-29 09:27:05 22344 [Note] InnoDB: Waiting for purge to start
2023-03-29 09:27:05 22344 [Note] InnoDB: 5.6.13 started; log sequence number 1626716
2023-03-29 09:27:05 22344 [Note] Server hostname (bind-address): '*'; port: 3307
2023-03-29 09:27:05 22344 [Note] IPv6 is available.
2023-03-29 09:27:05 22344 [Note]   - '::' resolves to '::';
2023-03-29 09:27:05 22344 [Note] Server socket created on IP: '::'.
2023-03-29 09:27:07 22344 [Note] Event Scheduler: Loaded 0 events
2023-03-29 09:27:07 22344 [Note] C:\im_000000\server/mysql/bin/mysqld_usbwv8.exe: ready for connections.
Version: '5.6.13'  socket: ''  port: 3307  MySQL Community Server (GPL)
