::1 - - [29/Mar/2023:09:27:15 +0900] "GET /index_py.html HTTP/1.1" 200 1677
::1 - - [29/Mar/2023:09:27:15 +0900] "GET /pytable.css HTTP/1.1" 404 209
::1 - - [29/Mar/2023:09:31:09 +0900] "GET /index_py.html HTTP/1.1" 200 1680
::1 - - [29/Mar/2023:09:31:09 +0900] "GET /pytable.css HTTP/1.1" 404 209
::1 - - [29/Mar/2023:09:31:39 +0900] "GET /index_py.html HTTP/1.1" 200 1689
::1 - - [29/Mar/2023:09:31:39 +0900] "GET /pytable.css HTTP/1.1" 404 209
::1 - - [29/Mar/2023:09:38:03 +0900] "GET /index_py.html HTTP/1.1" 200 1726
::1 - - [29/Mar/2023:09:38:03 +0900] "GET /pytable.css HTTP/1.1" 404 209
::1 - - [29/Mar/2023:09:39:23 +0900] "GET /index_py.html HTTP/1.1" 200 1738
::1 - - [29/Mar/2023:09:39:23 +0900] "GET /pytable.css HTTP/1.1" 404 209
::1 - - [29/Mar/2023:09:40:17 +0900] "GET /index_py.html HTTP/1.1" 200 1736
::1 - - [29/Mar/2023:09:40:17 +0900] "GET /pytable.css HTTP/1.1" 404 209
::1 - - [29/Mar/2023:09:46:20 +0900] "GET /index_py.html HTTP/1.1" 200 1778
::1 - - [29/Mar/2023:09:46:20 +0900] "GET /pytable.css HTTP/1.1" 404 209
::1 - - [29/Mar/2023:09:51:19 +0900] "GET /index_py.html HTTP/1.1" 200 1944
::1 - - [29/Mar/2023:09:51:19 +0900] "GET /pytable.css HTTP/1.1" 404 209
::1 - - [29/Mar/2023:09:52:09 +0900] "GET /index_py.html HTTP/1.1" 200 1973
::1 - - [29/Mar/2023:09:52:09 +0900] "GET /pytable.css HTTP/1.1" 404 209
::1 - - [29/Mar/2023:09:52:34 +0900] "GET /index_py.html HTTP/1.1" 200 1908
::1 - - [29/Mar/2023:09:52:35 +0900] "GET /pytable.css HTTP/1.1" 404 209
::1 - - [29/Mar/2023:09:53:25 +0900] "GET /index_py.html HTTP/1.1" 200 1973
::1 - - [29/Mar/2023:09:53:25 +0900] "GET /pytable.css HTTP/1.1" 404 209
::1 - - [29/Mar/2023:10:23:37 +0900] "GET /app.py HTTP/1.1" 200 5634
::1 - - [29/Mar/2023:10:23:37 +0900] "GET /-/build/static/css/2.ef852789.chunk.css HTTP/1.1" 404 237
::1 - - [29/Mar/2023:10:23:37 +0900] "GET /-/build/static/css/main.b2fc17cd.chunk.css HTTP/1.1" 404 240
::1 - - [29/Mar/2023:10:23:37 +0900] "GET /-/build/static/js/2.9e31622f.chunk.js HTTP/1.1" 404 235
::1 - - [29/Mar/2023:10:23:37 +0900] "GET /-/build/static/js/main.dca4d12e.chunk.js HTTP/1.1" 404 238
::1 - - [29/Mar/2023:10:23:38 +0900] "GET /-/build/favicon.ico HTTP/1.1" 404 217
::1 - - [29/Mar/2023:10:23:38 +0900] "GET /-/build/manifest.json HTTP/1.1" 404 219
::1 - - [29/Mar/2023:10:23:38 +0900] "GET /-/build/favicon.svg HTTP/1.1" 404 217
::1 - - [29/Mar/2023:10:26:28 +0900] "GET /app.py HTTP/1.1" 200 5686
::1 - - [29/Mar/2023:10:26:28 +0900] "GET /-/build/static/css/2.ef852789.chunk.css HTTP/1.1" 404 237
::1 - - [29/Mar/2023:10:26:28 +0900] "GET /-/build/static/js/2.9e31622f.chunk.js HTTP/1.1" 404 235
::1 - - [29/Mar/2023:10:26:28 +0900] "GET /-/build/static/css/main.b2fc17cd.chunk.css HTTP/1.1" 404 240
::1 - - [29/Mar/2023:10:26:28 +0900] "GET /-/build/static/js/main.dca4d12e.chunk.js HTTP/1.1" 404 238
::1 - - [29/Mar/2023:10:26:28 +0900] "GET /-/build/manifest.json HTTP/1.1" 404 219
::1 - - [29/Mar/2023:10:27:06 +0900] "GET /app.py HTTP/1.1" 200 5849
::1 - - [29/Mar/2023:10:27:06 +0900] "GET /-/build/static/css/2.ef852789.chunk.css HTTP/1.1" 404 237
::1 - - [29/Mar/2023:10:27:06 +0900] "GET /-/build/static/js/2.9e31622f.chunk.js HTTP/1.1" 404 235
::1 - - [29/Mar/2023:10:27:06 +0900] "GET /-/build/static/css/main.b2fc17cd.chunk.css HTTP/1.1" 404 240
::1 - - [29/Mar/2023:10:27:06 +0900] "GET /-/build/static/js/main.dca4d12e.chunk.js HTTP/1.1" 404 238
::1 - - [29/Mar/2023:10:27:06 +0900] "GET /-/build/manifest.json HTTP/1.1" 404 219
::1 - - [29/Mar/2023:10:27:27 +0900] "GET /app.html HTTP/1.1" 200 5849
::1 - - [29/Mar/2023:10:27:27 +0900] "GET /-/build/static/css/2.ef852789.chunk.css HTTP/1.1" 404 237
::1 - - [29/Mar/2023:10:27:27 +0900] "GET /-/build/static/js/main.dca4d12e.chunk.js HTTP/1.1" 404 238
::1 - - [29/Mar/2023:10:27:27 +0900] "GET /-/build/static/css/main.b2fc17cd.chunk.css HTTP/1.1" 404 240
::1 - - [29/Mar/2023:10:27:27 +0900] "GET /-/build/static/js/2.9e31622f.chunk.js HTTP/1.1" 404 235
::1 - - [29/Mar/2023:10:27:27 +0900] "GET /-/build/manifest.json HTTP/1.1" 404 219
::1 - - [29/Mar/2023:10:28:49 +0900] "GET /app.html HTTP/1.1" 200 5979
::1 - - [29/Mar/2023:10:28:49 +0900] "GET /-/build/static/css/2.ef852789.chunk.css HTTP/1.1" 404 237
::1 - - [29/Mar/2023:10:28:49 +0900] "GET /-/build/static/css/main.b2fc17cd.chunk.css HTTP/1.1" 404 240
::1 - - [29/Mar/2023:10:28:49 +0900] "GET /-/build/static/js/main.dca4d12e.chunk.js HTTP/1.1" 404 238
::1 - - [29/Mar/2023:10:28:49 +0900] "GET /-/build/static/js/2.9e31622f.chunk.js HTTP/1.1" 404 235
::1 - - [29/Mar/2023:10:28:53 +0900] "GET /app.html HTTP/1.1" 304 -
::1 - - [29/Mar/2023:10:28:53 +0900] "GET /-/build/static/css/2.ef852789.chunk.css HTTP/1.1" 404 237
::1 - - [29/Mar/2023:10:28:53 +0900] "GET /-/build/static/js/2.9e31622f.chunk.js HTTP/1.1" 404 235
::1 - - [29/Mar/2023:10:28:53 +0900] "GET /-/build/static/js/main.dca4d12e.chunk.js HTTP/1.1" 404 238
::1 - - [29/Mar/2023:10:28:53 +0900] "GET /-/build/static/css/main.b2fc17cd.chunk.css HTTP/1.1" 404 240
::1 - - [29/Mar/2023:10:30:16 +0900] "GET /app.html HTTP/1.1" 200 5884
::1 - - [29/Mar/2023:10:30:16 +0900] "GET /-/build/static/css/2.ef852789.chunk.css HTTP/1.1" 404 237
::1 - - [29/Mar/2023:10:30:16 +0900] "GET /-/build/static/css/main.b2fc17cd.chunk.css HTTP/1.1" 404 240
::1 - - [29/Mar/2023:10:30:16 +0900] "GET /-/build/static/js/2.9e31622f.chunk.js HTTP/1.1" 404 235
::1 - - [29/Mar/2023:10:30:16 +0900] "GET /-/build/static/js/main.dca4d12e.chunk.js HTTP/1.1" 404 238
::1 - - [29/Mar/2023:10:31:32 +0900] "GET /app.html HTTP/1.1" 200 5988
::1 - - [29/Mar/2023:10:31:32 +0900] "GET /-/build/static/js/2.9e31622f.chunk.js HTTP/1.1" 404 235
::1 - - [29/Mar/2023:10:37:09 +0900] "GET /app.html HTTP/1.1" 200 6418
::1 - - [29/Mar/2023:13:19:53 +0900] "GET /index_py3.html HTTP/1.1" 200 317
::1 - - [29/Mar/2023:13:19:53 +0900] "GET /video_feed HTTP/1.1" 404 208
::1 - - [29/Mar/2023:13:22:09 +0900] "GET /index_py3.html HTTP/1.1" 304 -
::1 - - [29/Mar/2023:13:22:09 +0900] "GET /video_feed HTTP/1.1" 404 208
::1 - - [29/Mar/2023:13:23:16 +0900] "GET /index_py3.html HTTP/1.1" 304 -
::1 - - [29/Mar/2023:13:23:16 +0900] "GET /video_feed HTTP/1.1" 404 208
::1 - - [29/Mar/2023:13:23:18 +0900] "GET /index_py3.html HTTP/1.1" 304 -
::1 - - [29/Mar/2023:13:23:18 +0900] "GET /video_feed HTTP/1.1" 404 208
::1 - - [29/Mar/2023:13:23:47 +0900] "GET /index_py3.html HTTP/1.1" 304 -
::1 - - [29/Mar/2023:13:23:47 +0900] "GET /video_feed HTTP/1.1" 404 208
::1 - - [29/Mar/2023:13:23:58 +0900] "GET /index_py3.html HTTP/1.1" 304 -
::1 - - [29/Mar/2023:13:23:58 +0900] "GET /video_feed HTTP/1.1" 404 208
::1 - - [29/Mar/2023:13:23:59 +0900] "GET /index_py3.html HTTP/1.1" 304 -
::1 - - [29/Mar/2023:13:23:59 +0900] "GET /video_feed HTTP/1.1" 404 208
::1 - - [29/Mar/2023:13:23:59 +0900] "GET /index_py3.html HTTP/1.1" 304 -
::1 - - [29/Mar/2023:13:23:59 +0900] "GET /video_feed HTTP/1.1" 404 208
::1 - - [29/Mar/2023:13:24:00 +0900] "GET /index_py3.html HTTP/1.1" 304 -
::1 - - [29/Mar/2023:13:24:00 +0900] "GET /video_feed HTTP/1.1" 404 208
::1 - - [29/Mar/2023:13:24:00 +0900] "GET /index_py3.html HTTP/1.1" 304 -
::1 - - [29/Mar/2023:13:24:00 +0900] "GET /video_feed HTTP/1.1" 404 208
::1 - - [29/Mar/2023:13:24:01 +0900] "GET /index_py3.html HTTP/1.1" 304 -
::1 - - [29/Mar/2023:13:24:01 +0900] "GET /video_feed HTTP/1.1" 404 208
::1 - - [29/Mar/2023:13:24:01 +0900] "GET /index_py3.html HTTP/1.1" 304 -
::1 - - [29/Mar/2023:13:24:01 +0900] "GET /video_feed HTTP/1.1" 404 208
::1 - - [29/Mar/2023:13:24:01 +0900] "GET /index_py3.html HTTP/1.1" 304 -
::1 - - [29/Mar/2023:13:24:01 +0900] "GET /video_feed HTTP/1.1" 404 208
::1 - - [29/Mar/2023:13:29:39 +0900] "GET /index_py3.html HTTP/1.1" 304 -
::1 - - [29/Mar/2023:13:29:39 +0900] "GET /video_feed HTTP/1.1" 404 208
::1 - - [29/Mar/2023:13:29:40 +0900] "GET /index_py3.html HTTP/1.1" 304 -
::1 - - [29/Mar/2023:13:29:40 +0900] "GET /video_feed HTTP/1.1" 404 208
::1 - - [29/Mar/2023:13:36:53 +0900] "GET /index_py3.html HTTP/1.1" 304 -
::1 - - [29/Mar/2023:13:36:53 +0900] "GET /video_feed HTTP/1.1" 404 208
::1 - - [29/Mar/2023:13:36:54 +0900] "GET /index_py3.html HTTP/1.1" 304 -
::1 - - [29/Mar/2023:13:36:54 +0900] "GET /video_feed HTTP/1.1" 404 208
::1 - - [29/Mar/2023:13:36:55 +0900] "GET /index_py3.html HTTP/1.1" 304 -
::1 - - [29/Mar/2023:13:36:55 +0900] "GET /video_feed HTTP/1.1" 404 208
::1 - - [29/Mar/2023:13:36:55 +0900] "GET /index_py3.html HTTP/1.1" 304 -
::1 - - [29/Mar/2023:13:36:55 +0900] "GET /video_feed HTTP/1.1" 404 208
::1 - - [29/Mar/2023:13:36:56 +0900] "GET /index_py3.html HTTP/1.1" 304 -
::1 - - [29/Mar/2023:13:36:56 +0900] "GET /video_feed HTTP/1.1" 404 208
::1 - - [29/Mar/2023:13:36:56 +0900] "GET /index_py3.html HTTP/1.1" 304 -
::1 - - [29/Mar/2023:13:36:56 +0900] "GET /video_feed HTTP/1.1" 404 208
::1 - - [29/Mar/2023:13:36:57 +0900] "GET /index_py3.html HTTP/1.1" 304 -
::1 - - [29/Mar/2023:13:36:57 +0900] "GET /video_feed HTTP/1.1" 404 208
::1 - - [29/Mar/2023:13:36:57 +0900] "GET /index_py3.html HTTP/1.1" 304 -
::1 - - [29/Mar/2023:13:36:57 +0900] "GET /video_feed HTTP/1.1" 404 208
::1 - - [29/Mar/2023:13:36:57 +0900] "GET /index_py3.html HTTP/1.1" 304 -
::1 - - [29/Mar/2023:13:36:57 +0900] "GET /video_feed HTTP/1.1" 404 208
::1 - - [29/Mar/2023:13:36:58 +0900] "GET /index_py3.html HTTP/1.1" 304 -
::1 - - [29/Mar/2023:13:36:58 +0900] "GET /video_feed HTTP/1.1" 404 208
::1 - - [29/Mar/2023:13:37:15 +0900] "GET /index_py3.html HTTP/1.1" 304 -
::1 - - [29/Mar/2023:13:37:16 +0900] "GET /video_feed HTTP/1.1" 404 208
::1 - - [29/Mar/2023:13:37:17 +0900] "GET /index_py3.html HTTP/1.1" 304 -
::1 - - [29/Mar/2023:13:37:17 +0900] "GET /video_feed HTTP/1.1" 404 208
::1 - - [29/Mar/2023:13:38:27 +0900] "GET /index_py3.html HTTP/1.1" 304 -
::1 - - [29/Mar/2023:13:38:27 +0900] "GET /video_feed HTTP/1.1" 404 208
::1 - - [29/Mar/2023:13:38:28 +0900] "GET /index_py3.html HTTP/1.1" 304 -
::1 - - [29/Mar/2023:13:38:28 +0900] "GET /video_feed HTTP/1.1" 404 208
::1 - - [29/Mar/2023:13:38:28 +0900] "GET /index_py3.html HTTP/1.1" 304 -
::1 - - [29/Mar/2023:13:38:28 +0900] "GET /video_feed HTTP/1.1" 404 208
::1 - - [29/Mar/2023:13:38:29 +0900] "GET /index_py3.html HTTP/1.1" 304 -
::1 - - [29/Mar/2023:13:38:29 +0900] "GET /video_feed HTTP/1.1" 404 208
::1 - - [29/Mar/2023:13:43:19 +0900] "GET / HTTP/1.1" 200 317
::1 - - [29/Mar/2023:13:43:19 +0900] "GET /video_feed HTTP/1.1" 404 208
::1 - - [29/Mar/2023:13:43:22 +0900] "GET / HTTP/1.1" 304 -
::1 - - [29/Mar/2023:13:43:22 +0900] "GET /video_feed HTTP/1.1" 404 208
::1 - - [29/Mar/2023:13:44:33 +0900] "GET / HTTP/1.1" 200 465
::1 - - [29/Mar/2023:13:44:33 +0900] "GET /video_feed HTTP/1.1" 404 208
::1 - - [29/Mar/2023:13:44:34 +0900] "GET / HTTP/1.1" 304 -
::1 - - [29/Mar/2023:13:44:34 +0900] "GET /video_feed HTTP/1.1" 404 208
::1 - - [29/Mar/2023:13:44:34 +0900] "GET / HTTP/1.1" 304 -
::1 - - [29/Mar/2023:13:44:34 +0900] "GET /video_feed HTTP/1.1" 404 208
::1 - - [29/Mar/2023:13:44:34 +0900] "GET / HTTP/1.1" 304 -
::1 - - [29/Mar/2023:13:44:34 +0900] "GET /video_feed HTTP/1.1" 404 208
::1 - - [29/Mar/2023:13:44:35 +0900] "GET / HTTP/1.1" 304 -
::1 - - [29/Mar/2023:13:44:35 +0900] "GET /video_feed HTTP/1.1" 404 208
::1 - - [29/Mar/2023:13:45:12 +0900] "GET / HTTP/1.1" 304 -
::1 - - [29/Mar/2023:13:45:12 +0900] "GET /video_feed HTTP/1.1" 404 208
::1 - - [29/Mar/2023:13:45:13 +0900] "GET / HTTP/1.1" 304 -
::1 - - [29/Mar/2023:13:45:13 +0900] "GET /video_feed HTTP/1.1" 404 208
::1 - - [29/Mar/2023:13:45:13 +0900] "GET / HTTP/1.1" 304 -
::1 - - [29/Mar/2023:13:45:13 +0900] "GET /video_feed HTTP/1.1" 404 208
::1 - - [29/Mar/2023:13:45:13 +0900] "GET / HTTP/1.1" 304 -
::1 - - [29/Mar/2023:13:45:13 +0900] "GET /video_feed HTTP/1.1" 404 208
::1 - - [29/Mar/2023:13:48:18 +0900] "GET / HTTP/1.1" 304 -
::1 - - [29/Mar/2023:13:48:18 +0900] "GET /video_feed HTTP/1.1" 404 208
::1 - - [29/Mar/2023:13:48:19 +0900] "GET / HTTP/1.1" 304 -
::1 - - [29/Mar/2023:13:48:19 +0900] "GET /video_feed HTTP/1.1" 404 208
::1 - - [29/Mar/2023:13:48:19 +0900] "GET / HTTP/1.1" 304 -
::1 - - [29/Mar/2023:13:48:19 +0900] "GET /video_feed HTTP/1.1" 404 208
::1 - - [29/Mar/2023:13:48:20 +0900] "GET / HTTP/1.1" 304 -
::1 - - [29/Mar/2023:13:48:20 +0900] "GET /video_feed HTTP/1.1" 404 208
::1 - - [29/Mar/2023:13:48:46 +0900] "GET / HTTP/1.1" 304 -
::1 - - [29/Mar/2023:13:48:46 +0900] "GET /video_feed HTTP/1.1" 404 208
::1 - - [29/Mar/2023:13:48:47 +0900] "GET / HTTP/1.1" 304 -
::1 - - [29/Mar/2023:13:48:47 +0900] "GET /video_feed HTTP/1.1" 404 208
